<?xml version="1.0" encoding="UTF-8"?>
<!-- Generated by org.testng.reporters.JUnitReportReporter -->
<testsuite hostname="DESKTOP-UO91GLQ" failures="0" tests="2" name="com.vtiger.tests.Logintest" time="28.898" errors="0" timestamp="2022-12-03T23:24:27 IST" skipped="0">
  <testcase classname="com.vtiger.tests.Logintest" name="T02_validlogin" time="26.074"/>
  <testcase classname="com.vtiger.tests.Logintest" name="TC01_InvalidLogin" time="2.824"/>
</testsuite> <!-- com.vtiger.tests.Logintest -->
